<?xml version="1.0" encoding="UTF-8"?>
<testng-results skipped="0" failed="0" ignored="0" total="0" passed="0">
  <reporter-output>
  </reporter-output>
  <suite name="testRunner.TestRunner" duration-ms="18" started-at="2019-12-05T11:01:33 EST" finished-at="2019-12-05T11:01:33 EST">
    <groups>
    </groups>
    <test name="Command line test" duration-ms="18" started-at="2019-12-05T11:01:33 EST" finished-at="2019-12-05T11:01:33 EST">
    </test> <!-- Command line test -->
  </suite> <!-- testRunner.TestRunner -->
</testng-results>
